

Started GET "/assets/rails.png" for 127.0.0.1 at Mon Dec 19 23:41:09 -0600 2011

ActiveRecord::ConnectionNotEstablished (ActiveRecord::ConnectionNotEstablished):
  

Rendered /Library/Ruby/Gems/1.8/gems/actionpack-3.1.3/lib/action_dispatch/middleware/templates/rescues/_trace.erb (1.1ms)
Rendered /Library/Ruby/Gems/1.8/gems/actionpack-3.1.3/lib/action_dispatch/middleware/templates/rescues/_request_and_response.erb (1.4ms)
Rendered /Library/Ruby/Gems/1.8/gems/actionpack-3.1.3/lib/action_dispatch/middleware/templates/rescues/diagnostics.erb within rescues/layout (6.7ms)
  [1m[36m (0.0ms)[0m  [1mselect sqlite_version(*)[0m
  [1m[35m (103.2ms)[0m  CREATE TABLE "schema_migrations" ("version" varchar(255) NOT NULL) 
  [1m[36m (0.1ms)[0m  [1mPRAGMA index_list("schema_migrations")[0m
  [1m[35m (3.4ms)[0m  CREATE UNIQUE INDEX "unique_schema_migrations" ON "schema_migrations" ("version")
  [1m[36m (0.1ms)[0m  [1mSELECT "schema_migrations"."version" FROM "schema_migrations" [0m
Migrating to CreateUsers (20111220201045)
  [1m[35m (0.4ms)[0m  CREATE TABLE "users" ("id" INTEGER PRIMARY KEY AUTOINCREMENT NOT NULL, "name" varchar(255), "email" varchar(255), "created_at" datetime, "updated_at" datetime) 
  [1m[36m (0.1ms)[0m  [1mINSERT INTO "schema_migrations" ("version") VALUES ('20111220201045')[0m
  [1m[35m (0.1ms)[0m  select sqlite_version(*)
  [1m[36m (0.1ms)[0m  [1mSELECT "schema_migrations"."version" FROM "schema_migrations" [0m
  [1m[35m (0.0ms)[0m  PRAGMA index_list("users")


Started GET "/assets/rails.png" for 127.0.0.1 at Tue Dec 20 18:52:24 -0600 2011
Served asset /rails.png - 200 OK (14ms)


Started GET "/users" for 127.0.0.1 at Tue Dec 20 18:52:32 -0600 2011
  Processing by UsersController#index as HTML
  [1m[36mUser Load (0.1ms)[0m  [1mSELECT "users".* FROM "users" [0m
Rendered users/index.html.erb within layouts/application (2.6ms)
Compiled application.css  (2ms)  (pid 24025)
Compiled scaffolds.css  (84ms)  (pid 24025)
Compiled users.css  (2ms)  (pid 24025)
Compiled application.js  (5ms)  (pid 24025)
Compiled jquery.js  (31ms)  (pid 24025)
Compiled jquery_ujs.js  (4ms)  (pid 24025)
Compiled users.js  (303ms)  (pid 24025)
Completed 200 OK in 998ms (Views: 996.4ms | ActiveRecord: 0.1ms)


Started GET "/assets/users.css?body=1" for 127.0.0.1 at Tue Dec 20 18:52:33 -0600 2011
Served asset /users.css - 200 OK (3ms)


Started GET "/assets/scaffolds.css?body=1" for 127.0.0.1 at Tue Dec 20 18:52:33 -0600 2011
Served asset /scaffolds.css - 200 OK (3ms)


Started GET "/assets/application.css?body=1" for 127.0.0.1 at Tue Dec 20 18:52:33 -0600 2011
Served asset /application.css - 200 OK (0ms)


Started GET "/assets/jquery.js?body=1" for 127.0.0.1 at Tue Dec 20 18:52:33 -0600 2011
Served asset /jquery.js - 200 OK (7ms)


Started GET "/assets/jquery_ujs.js?body=1" for 127.0.0.1 at Tue Dec 20 18:52:33 -0600 2011
Served asset /jquery_ujs.js - 200 OK (5ms)


Started GET "/assets/users.js?body=1" for 127.0.0.1 at Tue Dec 20 18:52:33 -0600 2011
Served asset /users.js - 200 OK (6ms)


Started GET "/assets/application.js?body=1" for 127.0.0.1 at Tue Dec 20 18:52:33 -0600 2011
Served asset /application.js - 200 OK (0ms)


Started GET "/users/new" for 127.0.0.1 at Tue Dec 20 18:52:38 -0600 2011
  Processing by UsersController#new as HTML
Rendered users/_form.html.erb (8.1ms)
Rendered users/new.html.erb within layouts/application (12.6ms)
Completed 200 OK in 82ms (Views: 81.1ms | ActiveRecord: 0.4ms)


Started POST "/users" for 127.0.0.1 at Tue Dec 20 18:53:03 -0600 2011
  Processing by UsersController#create as HTML
  Parameters: {"commit"=>"Create User", "authenticity_token"=>"FULv7wOdJHSHuUH/PNVmGUwZvWSvLCPKqDJxqMbYu98=", "utf8"=>"✓", "user"=>{"name"=>"Aman Jain", "email"=>"potty@zindabad.com"}}
  [1m[35mSQL (426.3ms)[0m  INSERT INTO "users" ("created_at", "email", "name", "updated_at") VALUES (?, ?, ?, ?)  [["created_at", Wed, 21 Dec 2011 00:53:03 UTC +00:00], ["email", "potty@zindabad.com"], ["name", "Aman Jain"], ["updated_at", Wed, 21 Dec 2011 00:53:03 UTC +00:00]]
Redirected to http://localhost:3000/users/1
Completed 302 Found in 439ms


Started GET "/users/1" for 127.0.0.1 at Tue Dec 20 18:53:04 -0600 2011
  Processing by UsersController#show as HTML
  Parameters: {"id"=>"1"}
  [1m[36mUser Load (0.1ms)[0m  [1mSELECT "users".* FROM "users" WHERE "users"."id" = ? LIMIT 1[0m  [["id", "1"]]
Rendered users/show.html.erb within layouts/application (4.9ms)
Completed 200 OK in 31ms (Views: 28.3ms | ActiveRecord: 0.4ms)


Started GET "/users" for 127.0.0.1 at Tue Dec 20 18:53:13 -0600 2011
  Processing by UsersController#index as HTML
  [1m[35mUser Load (0.1ms)[0m  SELECT "users".* FROM "users" 
Rendered users/index.html.erb within layouts/application (4.1ms)
Completed 200 OK in 16ms (Views: 14.1ms | ActiveRecord: 0.3ms)


Started GET "/users.json" for 127.0.0.1 at Tue Dec 20 19:09:26 -0600 2011
  Processing by UsersController#index as JSON
  [1m[36mUser Load (0.1ms)[0m  [1mSELECT "users".* FROM "users" [0m
Completed 200 OK in 6ms (Views: 4.7ms | ActiveRecord: 0.3ms)
  [1m[36m (0.1ms)[0m  [1mSELECT "schema_migrations"."version" FROM "schema_migrations" [0m
Migrating to CreateUsers (20111220201045)
Migrating to CreateMicroposts (20111221015237)
  [1m[35m (0.0ms)[0m  select sqlite_version(*)
  [1m[36m (0.3ms)[0m  [1mCREATE TABLE "microposts" ("id" INTEGER PRIMARY KEY AUTOINCREMENT NOT NULL, "content" varchar(255), "user_id" integer, "created_at" datetime, "updated_at" datetime) [0m
  [1m[35m (0.1ms)[0m  INSERT INTO "schema_migrations" ("version") VALUES ('20111221015237')
  [1m[36m (0.1ms)[0m  [1mselect sqlite_version(*)[0m
  [1m[35m (0.1ms)[0m  SELECT "schema_migrations"."version" FROM "schema_migrations" 
  [1m[36m (0.0ms)[0m  [1mPRAGMA index_list("microposts")[0m
  [1m[35m (0.0ms)[0m  PRAGMA index_list("users")


Started GET "/microposts" for 127.0.0.1 at Tue Dec 20 20:00:33 -0600 2011
  Processing by MicropostsController#index as HTML
  [1m[36mMicropost Load (0.1ms)[0m  [1mSELECT "microposts".* FROM "microposts" [0m
Rendered microposts/index.html.erb within layouts/application (2.3ms)
Compiled application.css  (3ms)  (pid 25140)
Compiled microposts.css  (1ms)  (pid 25140)
Compiled application.js  (6ms)  (pid 25140)
Compiled microposts.js  (330ms)  (pid 25140)
Completed 200 OK in 411ms (Views: 409.7ms | ActiveRecord: 0.1ms)


Started GET "/assets/microposts.css?body=1" for 127.0.0.1 at Tue Dec 20 20:00:34 -0600 2011
Served asset /microposts.css - 200 OK (3ms)


Started GET "/assets/microposts.js?body=1" for 127.0.0.1 at Tue Dec 20 20:00:34 -0600 2011
Served asset /microposts.js - 200 OK (3ms)


Started GET "/assets/application.css?body=1" for 127.0.0.1 at Tue Dec 20 20:00:34 -0600 2011
Served asset /application.css - 304 Not Modified (0ms)


Started GET "/assets/scaffolds.css?body=1" for 127.0.0.1 at Tue Dec 20 20:00:34 -0600 2011
Served asset /scaffolds.css - 304 Not Modified (2ms)


Started GET "/assets/users.css?body=1" for 127.0.0.1 at Tue Dec 20 20:00:34 -0600 2011
Served asset /users.css - 304 Not Modified (3ms)


Started GET "/assets/users.js?body=1" for 127.0.0.1 at Tue Dec 20 20:00:34 -0600 2011
Served asset /users.js - 304 Not Modified (2ms)


Started GET "/assets/application.js?body=1" for 127.0.0.1 at Tue Dec 20 20:00:34 -0600 2011
Served asset /application.js - 200 OK (0ms)


Started GET "/microposts/new" for 127.0.0.1 at Tue Dec 20 20:00:35 -0600 2011
  Processing by MicropostsController#new as HTML
Rendered microposts/_form.html.erb (8.5ms)
Rendered microposts/new.html.erb within layouts/application (12.2ms)
Completed 200 OK in 24ms (Views: 23.5ms | ActiveRecord: 0.2ms)


Started GET "/assets/scaffolds.css?body=1" for 127.0.0.1 at Tue Dec 20 20:00:36 -0600 2011
Served asset /scaffolds.css - 304 Not Modified (0ms)


Started GET "/assets/users.css?body=1" for 127.0.0.1 at Tue Dec 20 20:00:36 -0600 2011
Served asset /users.css - 304 Not Modified (0ms)


Started GET "/assets/application.css?body=1" for 127.0.0.1 at Tue Dec 20 20:00:36 -0600 2011
Served asset /application.css - 304 Not Modified (0ms)


Started GET "/assets/users.js?body=1" for 127.0.0.1 at Tue Dec 20 20:00:36 -0600 2011
Served asset /users.js - 304 Not Modified (0ms)


Started POST "/microposts" for 127.0.0.1 at Tue Dec 20 20:00:54 -0600 2011
  Processing by MicropostsController#create as HTML
  Parameters: {"commit"=>"Create Micropost", "micropost"=>{"user_id"=>"2", "content"=>"Aman should go take a shit on him self. efdsfsdfdsfjsdlfkjsdlfkjslkfjsdlkjlkjfsdldkjfdslkjsdflkjfdldksjfsdlkjsdlfjkdfslsjkdfsldfjksldfjk"}, "authenticity_token"=>"FULv7wOdJHSHuUH/PNVmGUwZvWSvLCPKqDJxqMbYu98=", "utf8"=>"✓"}
  [1m[35mSQL (6.3ms)[0m  INSERT INTO "microposts" ("content", "created_at", "updated_at", "user_id") VALUES (?, ?, ?, ?)  [["content", "Aman should go take a shit on him self. efdsfsdfdsfjsdlfkjsdlfkjslkfjsdlkjlkjfsdldkjfdslkjsdflkjfdldksjfsdlkjsdlfjkdfslsjkdfsldfjksldfjk"], ["created_at", Wed, 21 Dec 2011 02:00:54 UTC +00:00], ["updated_at", Wed, 21 Dec 2011 02:00:54 UTC +00:00], ["user_id", 2]]
Redirected to http://localhost:3000/microposts/1
Completed 302 Found in 21ms


Started GET "/microposts/1" for 127.0.0.1 at Tue Dec 20 20:00:54 -0600 2011
  Processing by MicropostsController#show as HTML
  Parameters: {"id"=>"1"}
  [1m[36mMicropost Load (0.1ms)[0m  [1mSELECT "microposts".* FROM "microposts" WHERE "microposts"."id" = ? LIMIT 1[0m  [["id", "1"]]
Rendered microposts/show.html.erb within layouts/application (3.9ms)
Completed 200 OK in 17ms (Views: 14.8ms | ActiveRecord: 0.4ms)


Started GET "/assets/users.css?body=1" for 127.0.0.1 at Tue Dec 20 20:00:54 -0600 2011
Served asset /users.css - 304 Not Modified (0ms)


Started GET "/assets/application.css?body=1" for 127.0.0.1 at Tue Dec 20 20:00:54 -0600 2011
Served asset /application.css - 304 Not Modified (0ms)


Started GET "/assets/users.js?body=1" for 127.0.0.1 at Tue Dec 20 20:00:54 -0600 2011
Served asset /users.js - 304 Not Modified (0ms)


Started GET "/assets/scaffolds.css?body=1" for 127.0.0.1 at Tue Dec 20 20:00:54 -0600 2011
Served asset /scaffolds.css - 304 Not Modified (0ms)


Started POST "/microposts" for 127.0.0.1 at Tue Dec 20 20:01:06 -0600 2011
  Processing by MicropostsController#create as HTML
  Parameters: {"commit"=>"Create Micropost", "micropost"=>{"user_id"=>"1", "content"=>"Aman should go take a shit on him self. efdsfsdfdsfjsdlfkjsdlfkjslkfjsdlkjlkjfsdldkjfdslkjsdflkjfdldksjfsdlkjsdlfjkdfslsjkdfsldfjksldfjk"}, "authenticity_token"=>"FULv7wOdJHSHuUH/PNVmGUwZvWSvLCPKqDJxqMbYu98=", "utf8"=>"✓"}
  [1m[35mSQL (0.4ms)[0m  INSERT INTO "microposts" ("content", "created_at", "updated_at", "user_id") VALUES (?, ?, ?, ?)  [["content", "Aman should go take a shit on him self. efdsfsdfdsfjsdlfkjsdlfkjslkfjsdlkjlkjfsdldkjfdslkjsdflkjfdldksjfsdlkjsdlfjkdfslsjkdfsldfjksldfjk"], ["created_at", Wed, 21 Dec 2011 02:01:06 UTC +00:00], ["updated_at", Wed, 21 Dec 2011 02:01:06 UTC +00:00], ["user_id", 1]]
Redirected to http://localhost:3000/microposts/2
Completed 302 Found in 30ms


Started GET "/microposts/2" for 127.0.0.1 at Tue Dec 20 20:01:06 -0600 2011
  Processing by MicropostsController#show as HTML
  Parameters: {"id"=>"2"}
  [1m[36mMicropost Load (0.1ms)[0m  [1mSELECT "microposts".* FROM "microposts" WHERE "microposts"."id" = ? LIMIT 1[0m  [["id", "2"]]
Rendered microposts/show.html.erb within layouts/application (3.5ms)
Completed 200 OK in 19ms (Views: 16.6ms | ActiveRecord: 0.4ms)


Started GET "/assets/application.css?body=1" for 127.0.0.1 at Tue Dec 20 20:01:06 -0600 2011
Served asset /application.css - 304 Not Modified (0ms)


Started GET "/assets/scaffolds.css?body=1" for 127.0.0.1 at Tue Dec 20 20:01:06 -0600 2011
Served asset /scaffolds.css - 304 Not Modified (0ms)


Started GET "/assets/users.js?body=1" for 127.0.0.1 at Tue Dec 20 20:01:06 -0600 2011
Served asset /users.js - 304 Not Modified (0ms)


Started GET "/assets/users.css?body=1" for 127.0.0.1 at Tue Dec 20 20:01:06 -0600 2011
Served asset /users.css - 304 Not Modified (0ms)


Started GET "/microposts" for 127.0.0.1 at Tue Dec 20 20:01:21 -0600 2011
  Processing by MicropostsController#index as HTML
  [1m[35mMicropost Load (0.1ms)[0m  SELECT "microposts".* FROM "microposts" 
Rendered microposts/index.html.erb within layouts/application (5.4ms)
Completed 200 OK in 18ms (Views: 16.6ms | ActiveRecord: 0.4ms)


Started GET "/assets/scaffolds.css?body=1" for 127.0.0.1 at Tue Dec 20 20:01:21 -0600 2011
Served asset /scaffolds.css - 304 Not Modified (0ms)


Started GET "/assets/microposts.css?body=1" for 127.0.0.1 at Tue Dec 20 20:01:21 -0600 2011
Served asset /microposts.css - 304 Not Modified (0ms)


Started GET "/assets/application.css?body=1" for 127.0.0.1 at Tue Dec 20 20:01:21 -0600 2011
Served asset /application.css - 304 Not Modified (0ms)


Started GET "/assets/users.css?body=1" for 127.0.0.1 at Tue Dec 20 20:01:21 -0600 2011
Served asset /users.css - 304 Not Modified (0ms)


Started GET "/assets/microposts.js?body=1" for 127.0.0.1 at Tue Dec 20 20:01:21 -0600 2011
Served asset /microposts.js - 304 Not Modified (0ms)


Started GET "/assets/users.js?body=1" for 127.0.0.1 at Tue Dec 20 20:01:21 -0600 2011
Served asset /users.js - 304 Not Modified (0ms)


Started GET "/assets/application.js?body=1" for 127.0.0.1 at Tue Dec 20 20:01:21 -0600 2011
Served asset /application.js - 304 Not Modified (0ms)


Started GET "/microposts/new" for 127.0.0.1 at Tue Dec 20 20:01:23 -0600 2011
  Processing by MicropostsController#new as HTML
Rendered microposts/_form.html.erb (5.7ms)
Rendered microposts/new.html.erb within layouts/application (6.7ms)
Completed 200 OK in 18ms (Views: 17.6ms | ActiveRecord: 0.2ms)


Started GET "/assets/application.css?body=1" for 127.0.0.1 at Tue Dec 20 20:01:23 -0600 2011
Served asset /application.css - 304 Not Modified (0ms)


Started GET "/assets/microposts.css?body=1" for 127.0.0.1 at Tue Dec 20 20:01:23 -0600 2011
Served asset /microposts.css - 304 Not Modified (0ms)


Started GET "/assets/scaffolds.css?body=1" for 127.0.0.1 at Tue Dec 20 20:01:23 -0600 2011
Served asset /scaffolds.css - 304 Not Modified (0ms)


Started GET "/assets/microposts.js?body=1" for 127.0.0.1 at Tue Dec 20 20:01:23 -0600 2011
Served asset /microposts.js - 304 Not Modified (0ms)


Started GET "/assets/users.js?body=1" for 127.0.0.1 at Tue Dec 20 20:01:23 -0600 2011
Served asset /users.js - 304 Not Modified (0ms)


Started GET "/assets/users.css?body=1" for 127.0.0.1 at Tue Dec 20 20:01:23 -0600 2011
Served asset /users.css - 304 Not Modified (0ms)


Started GET "/assets/application.js?body=1" for 127.0.0.1 at Tue Dec 20 20:01:23 -0600 2011
Served asset /application.js - 304 Not Modified (0ms)


Started POST "/microposts" for 127.0.0.1 at Tue Dec 20 20:01:30 -0600 2011
  Processing by MicropostsController#create as HTML
  Parameters: {"commit"=>"Create Micropost", "micropost"=>{"user_id"=>"1", "content"=>"hellohellohellohello"}, "authenticity_token"=>"FULv7wOdJHSHuUH/PNVmGUwZvWSvLCPKqDJxqMbYu98=", "utf8"=>"✓"}
Rendered microposts/_form.html.erb (2.8ms)
Rendered microposts/new.html.erb within layouts/application (4.0ms)
Completed 200 OK in 20ms (Views: 14.6ms | ActiveRecord: 0.2ms)


Started GET "/assets/application.css?body=1" for 127.0.0.1 at Tue Dec 20 20:01:31 -0600 2011
Served asset /application.css - 304 Not Modified (0ms)


Started GET "/assets/scaffolds.css?body=1" for 127.0.0.1 at Tue Dec 20 20:01:31 -0600 2011
Served asset /scaffolds.css - 304 Not Modified (0ms)


Started GET "/assets/microposts.css?body=1" for 127.0.0.1 at Tue Dec 20 20:01:31 -0600 2011
Served asset /microposts.css - 304 Not Modified (0ms)


Started GET "/assets/users.js?body=1" for 127.0.0.1 at Tue Dec 20 20:01:31 -0600 2011
Served asset /users.js - 304 Not Modified (0ms)


Started GET "/assets/microposts.js?body=1" for 127.0.0.1 at Tue Dec 20 20:01:31 -0600 2011
Served asset /microposts.js - 304 Not Modified (0ms)


Started GET "/assets/users.css?body=1" for 127.0.0.1 at Tue Dec 20 20:01:31 -0600 2011
Served asset /users.css - 304 Not Modified (0ms)


Started GET "/assets/application.js?body=1" for 127.0.0.1 at Tue Dec 20 20:01:31 -0600 2011
Served asset /application.js - 304 Not Modified (0ms)
